<?xml version="1.0" encoding="utf-8" standalone="no"?>
<test-results xmlns:xsi="http://www.w3.org/2001/XMLSchema-instance" xsi:noNamespaceSchemaLocation="nunit_schema_2.5.xsd" name="Pester" total="40" errors="0" failures="10" not-run="0" inconclusive="0" ignored="0" skipped="0" invalid="0" date="2025-07-05" time="20:05:29">
  <environment clr-version="4.0.30319.42000" user-domain="DESKTOP-PF8HHAN" cwd="D:\gitProjekte\PSNetworkAdministrator" platform="Microsoft Windows 10 Home|C:\Windows|\Device\Harddisk0\Partition3" machine-name="DESKTOP-PF8HHAN" nunit-version="2.5.8.0" os-version="10.0.19045" user="Skull" />
  <culture-info current-culture="de-DE" current-uiculture="de-DE" />
  <test-suite type="TestFixture" name="Pester" executed="True" result="Failure" success="False" time="9.7683" asserts="0" description="Pester">
    <results>
      <test-suite type="TestFixture" name="D:\gitProjekte\PSNetworkAdministrator\Tests\Get-MenuOption.Tests.ps1" executed="True" result="Failure" success="False" time="6.6491" asserts="0" description="D:\gitProjekte\PSNetworkAdministrator\Tests\Get-MenuOption.Tests.ps1">
        <results>
          <test-suite type="TestFixture" name="Get-MenuOption" executed="True" result="Failure" success="False" time="4.2089" asserts="0" description="Get-MenuOption">
            <results>
              <test-suite type="TestFixture" name="Get-MenuOption.Function structure" executed="True" result="Success" success="True" time="1.5746" asserts="0" description="Get-MenuOption.Function structure">
                <results>
                  <test-case description="Should have the correct output type" name="Get-MenuOption.Function structure.Should have the correct output type" time="1.0744" asserts="0" success="True" result="Success" executed="True" />
                  <test-case description="Should have CmdletBinding attribute" name="Get-MenuOption.Function structure.Should have CmdletBinding attribute" time="0.06" asserts="0" success="True" result="Success" executed="True" />
                </results>
              </test-suite>
              <test-suite type="TestFixture" name="Get-MenuOption.Menu definitions" executed="True" result="Success" success="True" time="1.9653" asserts="0" description="Get-MenuOption.Menu definitions">
                <results>
                  <test-case description="Should have menu options defined" name="Get-MenuOption.Menu definitions.Should have menu options defined" time="0.3819" asserts="0" success="True" result="Success" executed="True" />
                </results>
              </test-suite>
              <test-suite type="TestFixture" name="Get-MenuOption.User input processing" executed="True" result="Failure" success="False" time="3.1075" asserts="0" description="Get-MenuOption.User input processing">
                <results>
                  <test-case description="Should handle quit option (Q)" name="Get-MenuOption.User input processing.Should handle quit option (Q)" time="0.6032" asserts="0" success="True" result="Success" executed="True" />
                  <test-case description="Should handle quit option (q - lowercase)" name="Get-MenuOption.User input processing.Should handle quit option (q - lowercase)" time="0.0375" asserts="0" success="True" result="Success" executed="True" />
                  <test-case description="Should handle valid menu selection (1)" name="Get-MenuOption.User input processing.Should handle valid menu selection (1)" time="0.1013" asserts="0" success="True" result="Success" executed="True" />
                  <test-case description="Should handle valid menu selection (10)" name="Get-MenuOption.User input processing.Should handle valid menu selection (10)" time="0.048" asserts="0" success="True" result="Success" executed="True" />
                  <test-case description="Should handle invalid input (not a number)" name="Get-MenuOption.User input processing.Should handle invalid input (not a number)" time="0.2322" asserts="0" success="False" result="Failure" executed="True">
                    <failure>
                      <message>CommandNotFoundException: Die Benennung "Test-InvalidInput" wurde nicht als Name eines Cmdlet, einer Funktion, einer Skriptdatei oder eines ausführbaren Programms erkannt. Überprüfen Sie die Schreibweise des Namens, oder ob der Pfad korrekt ist (sofern enthalten), und wiederholen Sie den Vorgang.</message>
                      <stack-trace>bei &lt;ScriptBlock&gt;, D:\gitProjekte\PSNetworkAdministrator\Tests\Get-MenuOption.Tests.ps1: Zeile 188
bei &lt;ScriptBlock&gt;, C:\Program Files\WindowsPowerShell\Modules\Pester\5.7.1\Pester.psm1: Zeile 2024
bei &lt;ScriptBlock&gt;, C:\Program Files\WindowsPowerShell\Modules\Pester\5.7.1\Pester.psm1: Zeile 1985
bei Invoke-ScriptBlock, C:\Program Files\WindowsPowerShell\Modules\Pester\5.7.1\Pester.psm1: Zeile 2157
bei Invoke-TestItem, C:\Program Files\WindowsPowerShell\Modules\Pester\5.7.1\Pester.psm1: Zeile 1199
bei Invoke-Block, C:\Program Files\WindowsPowerShell\Modules\Pester\5.7.1\Pester.psm1: Zeile 835
bei &lt;ScriptBlock&gt;, C:\Program Files\WindowsPowerShell\Modules\Pester\5.7.1\Pester.psm1: Zeile 893
bei &lt;ScriptBlock&gt;, C:\Program Files\WindowsPowerShell\Modules\Pester\5.7.1\Pester.psm1: Zeile 2024
bei &lt;ScriptBlock&gt;, C:\Program Files\WindowsPowerShell\Modules\Pester\5.7.1\Pester.psm1: Zeile 1985
bei Invoke-ScriptBlock, C:\Program Files\WindowsPowerShell\Modules\Pester\5.7.1\Pester.psm1: Zeile 2160
bei Invoke-Block, C:\Program Files\WindowsPowerShell\Modules\Pester\5.7.1\Pester.psm1: Zeile 940
bei &lt;ScriptBlock&gt;, C:\Program Files\WindowsPowerShell\Modules\Pester\5.7.1\Pester.psm1: Zeile 893
bei &lt;ScriptBlock&gt;, C:\Program Files\WindowsPowerShell\Modules\Pester\5.7.1\Pester.psm1: Zeile 2024
bei &lt;ScriptBlock&gt;, C:\Program Files\WindowsPowerShell\Modules\Pester\5.7.1\Pester.psm1: Zeile 1985
bei Invoke-ScriptBlock, C:\Program Files\WindowsPowerShell\Modules\Pester\5.7.1\Pester.psm1: Zeile 2160
bei Invoke-Block, C:\Program Files\WindowsPowerShell\Modules\Pester\5.7.1\Pester.psm1: Zeile 940
bei &lt;ScriptBlock&gt;, C:\Program Files\WindowsPowerShell\Modules\Pester\5.7.1\Pester.psm1: Zeile 893
bei &lt;ScriptBlock&gt;, C:\Program Files\WindowsPowerShell\Modules\Pester\5.7.1\Pester.psm1: Zeile 2024
bei &lt;ScriptBlock&gt;, C:\Program Files\WindowsPowerShell\Modules\Pester\5.7.1\Pester.psm1: Zeile 1985
bei Invoke-ScriptBlock, C:\Program Files\WindowsPowerShell\Modules\Pester\5.7.1\Pester.psm1: Zeile 2160
bei Invoke-Block, C:\Program Files\WindowsPowerShell\Modules\Pester\5.7.1\Pester.psm1: Zeile 940
bei &lt;ScriptBlock&gt;, C:\Program Files\WindowsPowerShell\Modules\Pester\5.7.1\Pester.psm1: Zeile 1688
bei &lt;ScriptBlock&gt;, C:\Program Files\WindowsPowerShell\Modules\Pester\5.7.1\Pester.ps1: Zeile 3
bei &lt;ScriptBlock&gt;, C:\Program Files\WindowsPowerShell\Modules\Pester\5.7.1\Pester.psm1: Zeile 3260
bei Invoke-InNewScriptScope, C:\Program Files\WindowsPowerShell\Modules\Pester\5.7.1\Pester.psm1: Zeile 3267
bei Run-Test, C:\Program Files\WindowsPowerShell\Modules\Pester\5.7.1\Pester.psm1: Zeile 1691
bei Invoke-Test, C:\Program Files\WindowsPowerShell\Modules\Pester\5.7.1\Pester.psm1: Zeile 2512
bei Invoke-Pester&lt;End&gt;, C:\Program Files\WindowsPowerShell\Modules\Pester\5.7.1\Pester.psm1: Zeile 4960
bei &lt;ScriptBlock&gt;, D:\gitProjekte\PSNetworkAdministrator\Tests\Run-Tests.ps1: Zeile 242
bei &lt;ScriptBlock&gt;, &lt;Keine Datei&gt;: Zeile 1</stack-trace>
                    </failure>
                  </test-case>
                  <test-case description="Should handle invalid input (out of range)" name="Get-MenuOption.User input processing.Should handle invalid input (out of range)" time="0.0546" asserts="0" success="False" result="Failure" executed="True">
                    <failure>
                      <message>CommandNotFoundException: Die Benennung "Test-InvalidInput" wurde nicht als Name eines Cmdlet, einer Funktion, einer Skriptdatei oder eines ausführbaren Programms erkannt. Überprüfen Sie die Schreibweise des Namens, oder ob der Pfad korrekt ist (sofern enthalten), und wiederholen Sie den Vorgang.</message>
                      <stack-trace>bei &lt;ScriptBlock&gt;, D:\gitProjekte\PSNetworkAdministrator\Tests\Get-MenuOption.Tests.ps1: Zeile 196
bei &lt;ScriptBlock&gt;, C:\Program Files\WindowsPowerShell\Modules\Pester\5.7.1\Pester.psm1: Zeile 2024
bei &lt;ScriptBlock&gt;, C:\Program Files\WindowsPowerShell\Modules\Pester\5.7.1\Pester.psm1: Zeile 1985
bei Invoke-ScriptBlock, C:\Program Files\WindowsPowerShell\Modules\Pester\5.7.1\Pester.psm1: Zeile 2157
bei Invoke-TestItem, C:\Program Files\WindowsPowerShell\Modules\Pester\5.7.1\Pester.psm1: Zeile 1199
bei Invoke-Block, C:\Program Files\WindowsPowerShell\Modules\Pester\5.7.1\Pester.psm1: Zeile 835
bei &lt;ScriptBlock&gt;, C:\Program Files\WindowsPowerShell\Modules\Pester\5.7.1\Pester.psm1: Zeile 893
bei &lt;ScriptBlock&gt;, C:\Program Files\WindowsPowerShell\Modules\Pester\5.7.1\Pester.psm1: Zeile 2024
bei &lt;ScriptBlock&gt;, C:\Program Files\WindowsPowerShell\Modules\Pester\5.7.1\Pester.psm1: Zeile 1985
bei Invoke-ScriptBlock, C:\Program Files\WindowsPowerShell\Modules\Pester\5.7.1\Pester.psm1: Zeile 2160
bei Invoke-Block, C:\Program Files\WindowsPowerShell\Modules\Pester\5.7.1\Pester.psm1: Zeile 940
bei &lt;ScriptBlock&gt;, C:\Program Files\WindowsPowerShell\Modules\Pester\5.7.1\Pester.psm1: Zeile 893
bei &lt;ScriptBlock&gt;, C:\Program Files\WindowsPowerShell\Modules\Pester\5.7.1\Pester.psm1: Zeile 2024
bei &lt;ScriptBlock&gt;, C:\Program Files\WindowsPowerShell\Modules\Pester\5.7.1\Pester.psm1: Zeile 1985
bei Invoke-ScriptBlock, C:\Program Files\WindowsPowerShell\Modules\Pester\5.7.1\Pester.psm1: Zeile 2160
bei Invoke-Block, C:\Program Files\WindowsPowerShell\Modules\Pester\5.7.1\Pester.psm1: Zeile 940
bei &lt;ScriptBlock&gt;, C:\Program Files\WindowsPowerShell\Modules\Pester\5.7.1\Pester.psm1: Zeile 893
bei &lt;ScriptBlock&gt;, C:\Program Files\WindowsPowerShell\Modules\Pester\5.7.1\Pester.psm1: Zeile 2024
bei &lt;ScriptBlock&gt;, C:\Program Files\WindowsPowerShell\Modules\Pester\5.7.1\Pester.psm1: Zeile 1985
bei Invoke-ScriptBlock, C:\Program Files\WindowsPowerShell\Modules\Pester\5.7.1\Pester.psm1: Zeile 2160
bei Invoke-Block, C:\Program Files\WindowsPowerShell\Modules\Pester\5.7.1\Pester.psm1: Zeile 940
bei &lt;ScriptBlock&gt;, C:\Program Files\WindowsPowerShell\Modules\Pester\5.7.1\Pester.psm1: Zeile 1688
bei &lt;ScriptBlock&gt;, C:\Program Files\WindowsPowerShell\Modules\Pester\5.7.1\Pester.ps1: Zeile 3
bei &lt;ScriptBlock&gt;, C:\Program Files\WindowsPowerShell\Modules\Pester\5.7.1\Pester.psm1: Zeile 3260
bei Invoke-InNewScriptScope, C:\Program Files\WindowsPowerShell\Modules\Pester\5.7.1\Pester.psm1: Zeile 3267
bei Run-Test, C:\Program Files\WindowsPowerShell\Modules\Pester\5.7.1\Pester.psm1: Zeile 1691
bei Invoke-Test, C:\Program Files\WindowsPowerShell\Modules\Pester\5.7.1\Pester.psm1: Zeile 2512
bei Invoke-Pester&lt;End&gt;, C:\Program Files\WindowsPowerShell\Modules\Pester\5.7.1\Pester.psm1: Zeile 4960
bei &lt;ScriptBlock&gt;, D:\gitProjekte\PSNetworkAdministrator\Tests\Run-Tests.ps1: Zeile 242
bei &lt;ScriptBlock&gt;, &lt;Keine Datei&gt;: Zeile 1</stack-trace>
                    </failure>
                  </test-case>
                  <test-case description="Should handle invalid input (negative)" name="Get-MenuOption.User input processing.Should handle invalid input (negative)" time="0.0536" asserts="0" success="False" result="Failure" executed="True">
                    <failure>
                      <message>CommandNotFoundException: Die Benennung "Test-InvalidInput" wurde nicht als Name eines Cmdlet, einer Funktion, einer Skriptdatei oder eines ausführbaren Programms erkannt. Überprüfen Sie die Schreibweise des Namens, oder ob der Pfad korrekt ist (sofern enthalten), und wiederholen Sie den Vorgang.</message>
                      <stack-trace>bei &lt;ScriptBlock&gt;, D:\gitProjekte\PSNetworkAdministrator\Tests\Get-MenuOption.Tests.ps1: Zeile 204
bei &lt;ScriptBlock&gt;, C:\Program Files\WindowsPowerShell\Modules\Pester\5.7.1\Pester.psm1: Zeile 2024
bei &lt;ScriptBlock&gt;, C:\Program Files\WindowsPowerShell\Modules\Pester\5.7.1\Pester.psm1: Zeile 1985
bei Invoke-ScriptBlock, C:\Program Files\WindowsPowerShell\Modules\Pester\5.7.1\Pester.psm1: Zeile 2157
bei Invoke-TestItem, C:\Program Files\WindowsPowerShell\Modules\Pester\5.7.1\Pester.psm1: Zeile 1199
bei Invoke-Block, C:\Program Files\WindowsPowerShell\Modules\Pester\5.7.1\Pester.psm1: Zeile 835
bei &lt;ScriptBlock&gt;, C:\Program Files\WindowsPowerShell\Modules\Pester\5.7.1\Pester.psm1: Zeile 893
bei &lt;ScriptBlock&gt;, C:\Program Files\WindowsPowerShell\Modules\Pester\5.7.1\Pester.psm1: Zeile 2024
bei &lt;ScriptBlock&gt;, C:\Program Files\WindowsPowerShell\Modules\Pester\5.7.1\Pester.psm1: Zeile 1985
bei Invoke-ScriptBlock, C:\Program Files\WindowsPowerShell\Modules\Pester\5.7.1\Pester.psm1: Zeile 2160
bei Invoke-Block, C:\Program Files\WindowsPowerShell\Modules\Pester\5.7.1\Pester.psm1: Zeile 940
bei &lt;ScriptBlock&gt;, C:\Program Files\WindowsPowerShell\Modules\Pester\5.7.1\Pester.psm1: Zeile 893
bei &lt;ScriptBlock&gt;, C:\Program Files\WindowsPowerShell\Modules\Pester\5.7.1\Pester.psm1: Zeile 2024
bei &lt;ScriptBlock&gt;, C:\Program Files\WindowsPowerShell\Modules\Pester\5.7.1\Pester.psm1: Zeile 1985
bei Invoke-ScriptBlock, C:\Program Files\WindowsPowerShell\Modules\Pester\5.7.1\Pester.psm1: Zeile 2160
bei Invoke-Block, C:\Program Files\WindowsPowerShell\Modules\Pester\5.7.1\Pester.psm1: Zeile 940
bei &lt;ScriptBlock&gt;, C:\Program Files\WindowsPowerShell\Modules\Pester\5.7.1\Pester.psm1: Zeile 893
bei &lt;ScriptBlock&gt;, C:\Program Files\WindowsPowerShell\Modules\Pester\5.7.1\Pester.psm1: Zeile 2024
bei &lt;ScriptBlock&gt;, C:\Program Files\WindowsPowerShell\Modules\Pester\5.7.1\Pester.psm1: Zeile 1985
bei Invoke-ScriptBlock, C:\Program Files\WindowsPowerShell\Modules\Pester\5.7.1\Pester.psm1: Zeile 2160
bei Invoke-Block, C:\Program Files\WindowsPowerShell\Modules\Pester\5.7.1\Pester.psm1: Zeile 940
bei &lt;ScriptBlock&gt;, C:\Program Files\WindowsPowerShell\Modules\Pester\5.7.1\Pester.psm1: Zeile 1688
bei &lt;ScriptBlock&gt;, C:\Program Files\WindowsPowerShell\Modules\Pester\5.7.1\Pester.ps1: Zeile 3
bei &lt;ScriptBlock&gt;, C:\Program Files\WindowsPowerShell\Modules\Pester\5.7.1\Pester.psm1: Zeile 3260
bei Invoke-InNewScriptScope, C:\Program Files\WindowsPowerShell\Modules\Pester\5.7.1\Pester.psm1: Zeile 3267
bei Run-Test, C:\Program Files\WindowsPowerShell\Modules\Pester\5.7.1\Pester.psm1: Zeile 1691
bei Invoke-Test, C:\Program Files\WindowsPowerShell\Modules\Pester\5.7.1\Pester.psm1: Zeile 2512
bei Invoke-Pester&lt;End&gt;, C:\Program Files\WindowsPowerShell\Modules\Pester\5.7.1\Pester.psm1: Zeile 4960
bei &lt;ScriptBlock&gt;, D:\gitProjekte\PSNetworkAdministrator\Tests\Run-Tests.ps1: Zeile 242
bei &lt;ScriptBlock&gt;, &lt;Keine Datei&gt;: Zeile 1</stack-trace>
                    </failure>
                  </test-case>
                </results>
              </test-suite>
            </results>
          </test-suite>
        </results>
      </test-suite>
      <test-suite type="TestFixture" name="D:\gitProjekte\PSNetworkAdministrator\Tests\Invoke-PSNetworkAdmin.Tests.ps1" executed="True" result="Failure" success="False" time="1.0035" asserts="0" description="D:\gitProjekte\PSNetworkAdministrator\Tests\Invoke-PSNetworkAdmin.Tests.ps1">
        <results>
          <test-suite type="TestFixture" name="Invoke-PSNetworkAdmin" executed="True" result="Failure" success="False" time="0.9218" asserts="0" description="Invoke-PSNetworkAdmin">
            <results>
              <test-suite type="TestFixture" name="Invoke-PSNetworkAdmin.Parameter handling" executed="True" result="Success" success="True" time="0.1289" asserts="0" description="Invoke-PSNetworkAdmin.Parameter handling">
                <results>
                  <test-case description="Should accept Domain parameter" name="Invoke-PSNetworkAdmin.Parameter handling.Should accept Domain parameter" time="0.083" asserts="0" success="True" result="Success" executed="True" />
                  <test-case description="Should accept Credential parameter" name="Invoke-PSNetworkAdmin.Parameter handling.Should accept Credential parameter" time="0.0205" asserts="0" success="True" result="Success" executed="True" />
                  <test-case description="Should accept LogPath parameter" name="Invoke-PSNetworkAdmin.Parameter handling.Should accept LogPath parameter" time="0.0167" asserts="0" success="True" result="Success" executed="True" />
                </results>
              </test-suite>
              <test-suite type="TestFixture" name="Invoke-PSNetworkAdmin.Main function flow" executed="True" result="Failure" success="False" time="0.7444" asserts="0" description="Invoke-PSNetworkAdmin.Main function flow">
                <results>
                  <test-case description="Should support -WhatIf" name="Invoke-PSNetworkAdmin.Main function flow.Should support -WhatIf" time="0.0317" asserts="0" success="True" result="Success" executed="True" />
                  <test-case description="Should handle immediate quit" name="Invoke-PSNetworkAdmin.Main function flow.Should handle immediate quit" time="0.0244" asserts="0" success="True" result="Success" executed="True" />
                  <test-case description="Should call Get-MenuOption" name="Invoke-PSNetworkAdmin.Main function flow.Should call Get-MenuOption" time="0.3695" asserts="0" success="True" result="Success" executed="True" />
                  <test-case description="Should create and show status object" name="Invoke-PSNetworkAdmin.Main function flow.Should create and show status object" time="0.1355" asserts="0" success="False" result="Failure" executed="True">
                    <failure>
                      <message>[0] Expected New-StatusObject to be called 1 times exactly, but was called 0 times
[1] Expected Show-StatusInformation to be called 1 times exactly, but was called 0 times</message>
                      <stack-trace>[0] at Should -Invoke New-StatusObject -Times 1 -Exactly, D:\gitProjekte\PSNetworkAdministrator\Tests\Invoke-PSNetworkAdmin.Tests.ps1:150
bei Invoke-Assertion, C:\Program Files\WindowsPowerShell\Modules\Pester\5.7.1\Pester.psm1: Zeile 8257
bei Should&lt;End&gt;, C:\Program Files\WindowsPowerShell\Modules\Pester\5.7.1\Pester.psm1: Zeile 8193
bei &lt;ScriptBlock&gt;, D:\gitProjekte\PSNetworkAdministrator\Tests\Invoke-PSNetworkAdmin.Tests.ps1: Zeile 150
bei &lt;ScriptBlock&gt;, C:\Program Files\WindowsPowerShell\Modules\Pester\5.7.1\Pester.psm1: Zeile 2024
bei &lt;ScriptBlock&gt;, C:\Program Files\WindowsPowerShell\Modules\Pester\5.7.1\Pester.psm1: Zeile 1985
bei Invoke-ScriptBlock, C:\Program Files\WindowsPowerShell\Modules\Pester\5.7.1\Pester.psm1: Zeile 2157
bei Invoke-TestItem, C:\Program Files\WindowsPowerShell\Modules\Pester\5.7.1\Pester.psm1: Zeile 1199
bei Invoke-Block, C:\Program Files\WindowsPowerShell\Modules\Pester\5.7.1\Pester.psm1: Zeile 835
bei &lt;ScriptBlock&gt;, C:\Program Files\WindowsPowerShell\Modules\Pester\5.7.1\Pester.psm1: Zeile 893
bei &lt;ScriptBlock&gt;, C:\Program Files\WindowsPowerShell\Modules\Pester\5.7.1\Pester.psm1: Zeile 2024
bei &lt;ScriptBlock&gt;, C:\Program Files\WindowsPowerShell\Modules\Pester\5.7.1\Pester.psm1: Zeile 1985
bei Invoke-ScriptBlock, C:\Program Files\WindowsPowerShell\Modules\Pester\5.7.1\Pester.psm1: Zeile 2160
bei Invoke-Block, C:\Program Files\WindowsPowerShell\Modules\Pester\5.7.1\Pester.psm1: Zeile 940
bei &lt;ScriptBlock&gt;, C:\Program Files\WindowsPowerShell\Modules\Pester\5.7.1\Pester.psm1: Zeile 893
bei &lt;ScriptBlock&gt;, C:\Program Files\WindowsPowerShell\Modules\Pester\5.7.1\Pester.psm1: Zeile 2024
bei &lt;ScriptBlock&gt;, C:\Program Files\WindowsPowerShell\Modules\Pester\5.7.1\Pester.psm1: Zeile 1985
bei Invoke-ScriptBlock, C:\Program Files\WindowsPowerShell\Modules\Pester\5.7.1\Pester.psm1: Zeile 2160
bei Invoke-Block, C:\Program Files\WindowsPowerShell\Modules\Pester\5.7.1\Pester.psm1: Zeile 940
bei &lt;ScriptBlock&gt;, C:\Program Files\WindowsPowerShell\Modules\Pester\5.7.1\Pester.psm1: Zeile 893
bei &lt;ScriptBlock&gt;, C:\Program Files\WindowsPowerShell\Modules\Pester\5.7.1\Pester.psm1: Zeile 2024
bei &lt;ScriptBlock&gt;, C:\Program Files\WindowsPowerShell\Modules\Pester\5.7.1\Pester.psm1: Zeile 1985
bei Invoke-ScriptBlock, C:\Program Files\WindowsPowerShell\Modules\Pester\5.7.1\Pester.psm1: Zeile 2160
bei Invoke-Block, C:\Program Files\WindowsPowerShell\Modules\Pester\5.7.1\Pester.psm1: Zeile 940
bei &lt;ScriptBlock&gt;, C:\Program Files\WindowsPowerShell\Modules\Pester\5.7.1\Pester.psm1: Zeile 1688
bei &lt;ScriptBlock&gt;, C:\Program Files\WindowsPowerShell\Modules\Pester\5.7.1\Pester.ps1: Zeile 3
bei &lt;ScriptBlock&gt;, C:\Program Files\WindowsPowerShell\Modules\Pester\5.7.1\Pester.psm1: Zeile 3260
bei Invoke-InNewScriptScope, C:\Program Files\WindowsPowerShell\Modules\Pester\5.7.1\Pester.psm1: Zeile 3267
bei Run-Test, C:\Program Files\WindowsPowerShell\Modules\Pester\5.7.1\Pester.psm1: Zeile 1691
bei Invoke-Test, C:\Program Files\WindowsPowerShell\Modules\Pester\5.7.1\Pester.psm1: Zeile 2512
bei Invoke-Pester&lt;End&gt;, C:\Program Files\WindowsPowerShell\Modules\Pester\5.7.1\Pester.psm1: Zeile 4960
bei &lt;ScriptBlock&gt;, D:\gitProjekte\PSNetworkAdministrator\Tests\Run-Tests.ps1: Zeile 242
bei &lt;ScriptBlock&gt;, &lt;Keine Datei&gt;: Zeile 1
[1] at Should -Invoke Show-StatusInformation -Times 1 -Exactly, D:\gitProjekte\PSNetworkAdministrator\Tests\Invoke-PSNetworkAdmin.Tests.ps1:151
bei Invoke-Assertion, C:\Program Files\WindowsPowerShell\Modules\Pester\5.7.1\Pester.psm1: Zeile 8257
bei Should&lt;End&gt;, C:\Program Files\WindowsPowerShell\Modules\Pester\5.7.1\Pester.psm1: Zeile 8193
bei &lt;ScriptBlock&gt;, D:\gitProjekte\PSNetworkAdministrator\Tests\Invoke-PSNetworkAdmin.Tests.ps1: Zeile 151
bei &lt;ScriptBlock&gt;, C:\Program Files\WindowsPowerShell\Modules\Pester\5.7.1\Pester.psm1: Zeile 2024
bei &lt;ScriptBlock&gt;, C:\Program Files\WindowsPowerShell\Modules\Pester\5.7.1\Pester.psm1: Zeile 1985
bei Invoke-ScriptBlock, C:\Program Files\WindowsPowerShell\Modules\Pester\5.7.1\Pester.psm1: Zeile 2157
bei Invoke-TestItem, C:\Program Files\WindowsPowerShell\Modules\Pester\5.7.1\Pester.psm1: Zeile 1199
bei Invoke-Block, C:\Program Files\WindowsPowerShell\Modules\Pester\5.7.1\Pester.psm1: Zeile 835
bei &lt;ScriptBlock&gt;, C:\Program Files\WindowsPowerShell\Modules\Pester\5.7.1\Pester.psm1: Zeile 893
bei &lt;ScriptBlock&gt;, C:\Program Files\WindowsPowerShell\Modules\Pester\5.7.1\Pester.psm1: Zeile 2024
bei &lt;ScriptBlock&gt;, C:\Program Files\WindowsPowerShell\Modules\Pester\5.7.1\Pester.psm1: Zeile 1985
bei Invoke-ScriptBlock, C:\Program Files\WindowsPowerShell\Modules\Pester\5.7.1\Pester.psm1: Zeile 2160
bei Invoke-Block, C:\Program Files\WindowsPowerShell\Modules\Pester\5.7.1\Pester.psm1: Zeile 940
bei &lt;ScriptBlock&gt;, C:\Program Files\WindowsPowerShell\Modules\Pester\5.7.1\Pester.psm1: Zeile 893
bei &lt;ScriptBlock&gt;, C:\Program Files\WindowsPowerShell\Modules\Pester\5.7.1\Pester.psm1: Zeile 2024
bei &lt;ScriptBlock&gt;, C:\Program Files\WindowsPowerShell\Modules\Pester\5.7.1\Pester.psm1: Zeile 1985
bei Invoke-ScriptBlock, C:\Program Files\WindowsPowerShell\Modules\Pester\5.7.1\Pester.psm1: Zeile 2160
bei Invoke-Block, C:\Program Files\WindowsPowerShell\Modules\Pester\5.7.1\Pester.psm1: Zeile 940
bei &lt;ScriptBlock&gt;, C:\Program Files\WindowsPowerShell\Modules\Pester\5.7.1\Pester.psm1: Zeile 893
bei &lt;ScriptBlock&gt;, C:\Program Files\WindowsPowerShell\Modules\Pester\5.7.1\Pester.psm1: Zeile 2024
bei &lt;ScriptBlock&gt;, C:\Program Files\WindowsPowerShell\Modules\Pester\5.7.1\Pester.psm1: Zeile 1985
bei Invoke-ScriptBlock, C:\Program Files\WindowsPowerShell\Modules\Pester\5.7.1\Pester.psm1: Zeile 2160
bei Invoke-Block, C:\Program Files\WindowsPowerShell\Modules\Pester\5.7.1\Pester.psm1: Zeile 940
bei &lt;ScriptBlock&gt;, C:\Program Files\WindowsPowerShell\Modules\Pester\5.7.1\Pester.psm1: Zeile 1688
bei &lt;ScriptBlock&gt;, C:\Program Files\WindowsPowerShell\Modules\Pester\5.7.1\Pester.ps1: Zeile 3
bei &lt;ScriptBlock&gt;, C:\Program Files\WindowsPowerShell\Modules\Pester\5.7.1\Pester.psm1: Zeile 3260
bei Invoke-InNewScriptScope, C:\Program Files\WindowsPowerShell\Modules\Pester\5.7.1\Pester.psm1: Zeile 3267
bei Run-Test, C:\Program Files\WindowsPowerShell\Modules\Pester\5.7.1\Pester.psm1: Zeile 1691
bei Invoke-Test, C:\Program Files\WindowsPowerShell\Modules\Pester\5.7.1\Pester.psm1: Zeile 2512
bei Invoke-Pester&lt;End&gt;, C:\Program Files\WindowsPowerShell\Modules\Pester\5.7.1\Pester.psm1: Zeile 4960
bei &lt;ScriptBlock&gt;, D:\gitProjekte\PSNetworkAdministrator\Tests\Run-Tests.ps1: Zeile 242
bei &lt;ScriptBlock&gt;, &lt;Keine Datei&gt;: Zeile 1</stack-trace>
                    </failure>
                  </test-case>
                  <test-case description="Should handle Q keypress to quit" name="Invoke-PSNetworkAdmin.Main function flow.Should handle Q keypress to quit" time="0.016" asserts="0" success="True" result="Success" executed="True" />
                  <test-case description="Should return status object for programmatic use" name="Invoke-PSNetworkAdmin.Main function flow.Should return status object for programmatic use" time="0.0282" asserts="0" success="False" result="Failure" executed="True">
                    <failure>
                      <message>PSInvalidCastException: Der Wert "System.Collections.Hashtable" vom Typ "System.Collections.Hashtable" kann nicht in den Typ "System.Management.Automation.InvocationInfo" konvertiert werden.
RuntimeException: Der Wert "System.Collections.Hashtable" vom Typ "System.Collections.Hashtable" kann nicht in den Typ "System.Management.Automation.InvocationInfo" konvertiert werden.</message>
                      <stack-trace>bei &lt;ScriptBlock&gt;, D:\gitProjekte\PSNetworkAdministrator\Tests\Invoke-PSNetworkAdmin.Tests.ps1: Zeile 173
bei &lt;ScriptBlock&gt;, C:\Program Files\WindowsPowerShell\Modules\Pester\5.7.1\Pester.psm1: Zeile 10768
bei InModuleScope, C:\Program Files\WindowsPowerShell\Modules\Pester\5.7.1\Pester.psm1: Zeile 10790
bei &lt;ScriptBlock&gt;, D:\gitProjekte\PSNetworkAdministrator\Tests\Invoke-PSNetworkAdmin.Tests.ps1: Zeile 171
bei &lt;ScriptBlock&gt;, C:\Program Files\WindowsPowerShell\Modules\Pester\5.7.1\Pester.psm1: Zeile 2024
bei &lt;ScriptBlock&gt;, C:\Program Files\WindowsPowerShell\Modules\Pester\5.7.1\Pester.psm1: Zeile 1985
bei Invoke-ScriptBlock, C:\Program Files\WindowsPowerShell\Modules\Pester\5.7.1\Pester.psm1: Zeile 2157
bei Invoke-TestItem, C:\Program Files\WindowsPowerShell\Modules\Pester\5.7.1\Pester.psm1: Zeile 1199
bei Invoke-Block, C:\Program Files\WindowsPowerShell\Modules\Pester\5.7.1\Pester.psm1: Zeile 835
bei &lt;ScriptBlock&gt;, C:\Program Files\WindowsPowerShell\Modules\Pester\5.7.1\Pester.psm1: Zeile 893
bei &lt;ScriptBlock&gt;, C:\Program Files\WindowsPowerShell\Modules\Pester\5.7.1\Pester.psm1: Zeile 2024
bei &lt;ScriptBlock&gt;, C:\Program Files\WindowsPowerShell\Modules\Pester\5.7.1\Pester.psm1: Zeile 1985
bei Invoke-ScriptBlock, C:\Program Files\WindowsPowerShell\Modules\Pester\5.7.1\Pester.psm1: Zeile 2160
bei Invoke-Block, C:\Program Files\WindowsPowerShell\Modules\Pester\5.7.1\Pester.psm1: Zeile 940
bei &lt;ScriptBlock&gt;, C:\Program Files\WindowsPowerShell\Modules\Pester\5.7.1\Pester.psm1: Zeile 893
bei &lt;ScriptBlock&gt;, C:\Program Files\WindowsPowerShell\Modules\Pester\5.7.1\Pester.psm1: Zeile 2024
bei &lt;ScriptBlock&gt;, C:\Program Files\WindowsPowerShell\Modules\Pester\5.7.1\Pester.psm1: Zeile 1985
bei Invoke-ScriptBlock, C:\Program Files\WindowsPowerShell\Modules\Pester\5.7.1\Pester.psm1: Zeile 2160
bei Invoke-Block, C:\Program Files\WindowsPowerShell\Modules\Pester\5.7.1\Pester.psm1: Zeile 940
bei &lt;ScriptBlock&gt;, C:\Program Files\WindowsPowerShell\Modules\Pester\5.7.1\Pester.psm1: Zeile 893
bei &lt;ScriptBlock&gt;, C:\Program Files\WindowsPowerShell\Modules\Pester\5.7.1\Pester.psm1: Zeile 2024
bei &lt;ScriptBlock&gt;, C:\Program Files\WindowsPowerShell\Modules\Pester\5.7.1\Pester.psm1: Zeile 1985
bei Invoke-ScriptBlock, C:\Program Files\WindowsPowerShell\Modules\Pester\5.7.1\Pester.psm1: Zeile 2160
bei Invoke-Block, C:\Program Files\WindowsPowerShell\Modules\Pester\5.7.1\Pester.psm1: Zeile 940
bei &lt;ScriptBlock&gt;, C:\Program Files\WindowsPowerShell\Modules\Pester\5.7.1\Pester.psm1: Zeile 1688
bei &lt;ScriptBlock&gt;, C:\Program Files\WindowsPowerShell\Modules\Pester\5.7.1\Pester.ps1: Zeile 3
bei &lt;ScriptBlock&gt;, C:\Program Files\WindowsPowerShell\Modules\Pester\5.7.1\Pester.psm1: Zeile 3260
bei Invoke-InNewScriptScope, C:\Program Files\WindowsPowerShell\Modules\Pester\5.7.1\Pester.psm1: Zeile 3267
bei Run-Test, C:\Program Files\WindowsPowerShell\Modules\Pester\5.7.1\Pester.psm1: Zeile 1691
bei Invoke-Test, C:\Program Files\WindowsPowerShell\Modules\Pester\5.7.1\Pester.psm1: Zeile 2512
bei Invoke-Pester&lt;End&gt;, C:\Program Files\WindowsPowerShell\Modules\Pester\5.7.1\Pester.psm1: Zeile 4960
bei &lt;ScriptBlock&gt;, D:\gitProjekte\PSNetworkAdministrator\Tests\Run-Tests.ps1: Zeile 242
bei &lt;ScriptBlock&gt;, &lt;Keine Datei&gt;: Zeile 1</stack-trace>
                    </failure>
                  </test-case>
                </results>
              </test-suite>
              <test-suite type="TestFixture" name="Invoke-PSNetworkAdmin.Error handling" executed="True" result="Success" success="True" time="0.8111" asserts="0" description="Invoke-PSNetworkAdmin.Error handling">
                <results>
                  <test-case description="Should handle logging errors gracefully" name="Invoke-PSNetworkAdmin.Error handling.Should handle logging errors gracefully" time="0.0242" asserts="0" success="True" result="Success" executed="True" />
                  <test-case description="Should handle domain errors gracefully" name="Invoke-PSNetworkAdmin.Error handling.Should handle domain errors gracefully" time="0.0342" asserts="0" success="True" result="Success" executed="True" />
                </results>
              </test-suite>
            </results>
          </test-suite>
        </results>
      </test-suite>
      <test-suite type="TestFixture" name="D:\gitProjekte\PSNetworkAdministrator\Tests\New-StatusObject.Tests.ps1" executed="True" result="Failure" success="False" time="0.5491" asserts="0" description="D:\gitProjekte\PSNetworkAdministrator\Tests\New-StatusObject.Tests.ps1">
        <results>
          <test-suite type="TestFixture" name="New-StatusObject" executed="True" result="Failure" success="False" time="0.4713" asserts="0" description="New-StatusObject">
            <results>
              <test-suite type="TestFixture" name="New-StatusObject.Parameter validation" executed="True" result="Success" success="True" time="0.0705" asserts="0" description="New-StatusObject.Parameter validation">
                <results>
                  <test-case description="Creates a status object with default values" name="New-StatusObject.Parameter validation.Creates a status object with default values" time="0.0268" asserts="0" success="True" result="Success" executed="True" />
                  <test-case description="Accepts custom ModuleName parameter" name="New-StatusObject.Parameter validation.Accepts custom ModuleName parameter" time="0.0088" asserts="0" success="True" result="Success" executed="True" />
                  <test-case description="Accepts custom Status parameter" name="New-StatusObject.Parameter validation.Accepts custom Status parameter" time="0.0088" asserts="0" success="True" result="Success" executed="True" />
                  <test-case description="Accepts custom Domain parameter" name="New-StatusObject.Parameter validation.Accepts custom Domain parameter" time="0.0106" asserts="0" success="True" result="Success" executed="True" />
                  <test-case description="Accepts custom UserChoice parameter" name="New-StatusObject.Parameter validation.Accepts custom UserChoice parameter" time="0.0084" asserts="0" success="True" result="Success" executed="True" />
                </results>
              </test-suite>
              <test-suite type="TestFixture" name="New-StatusObject.Object properties" executed="True" result="Failure" success="False" time="0.3684" asserts="0" description="New-StatusObject.Object properties">
                <results>
                  <test-case description="Creates an object with all expected properties" name="New-StatusObject.Object properties.Creates an object with all expected properties" time="0.0153" asserts="0" success="False" result="Failure" executed="True">
                    <failure>
                      <message>ParameterBindingException: Der Parametersatz kann mit den angegebenen benannten Parametern nicht aufgelöst werden.</message>
                      <stack-trace>bei &lt;ScriptBlock&gt;, D:\gitProjekte\PSNetworkAdministrator\Tests\New-StatusObject.Tests.ps1: Zeile 49
bei &lt;ScriptBlock&gt;, C:\Program Files\WindowsPowerShell\Modules\Pester\5.7.1\Pester.psm1: Zeile 2024
bei &lt;ScriptBlock&gt;, C:\Program Files\WindowsPowerShell\Modules\Pester\5.7.1\Pester.psm1: Zeile 1985
bei Invoke-ScriptBlock, C:\Program Files\WindowsPowerShell\Modules\Pester\5.7.1\Pester.psm1: Zeile 2157
bei Invoke-TestItem, C:\Program Files\WindowsPowerShell\Modules\Pester\5.7.1\Pester.psm1: Zeile 1199
bei Invoke-Block, C:\Program Files\WindowsPowerShell\Modules\Pester\5.7.1\Pester.psm1: Zeile 835
bei &lt;ScriptBlock&gt;, C:\Program Files\WindowsPowerShell\Modules\Pester\5.7.1\Pester.psm1: Zeile 893
bei &lt;ScriptBlock&gt;, C:\Program Files\WindowsPowerShell\Modules\Pester\5.7.1\Pester.psm1: Zeile 2024
bei &lt;ScriptBlock&gt;, C:\Program Files\WindowsPowerShell\Modules\Pester\5.7.1\Pester.psm1: Zeile 1985
bei Invoke-ScriptBlock, C:\Program Files\WindowsPowerShell\Modules\Pester\5.7.1\Pester.psm1: Zeile 2160
bei Invoke-Block, C:\Program Files\WindowsPowerShell\Modules\Pester\5.7.1\Pester.psm1: Zeile 940
bei &lt;ScriptBlock&gt;, C:\Program Files\WindowsPowerShell\Modules\Pester\5.7.1\Pester.psm1: Zeile 893
bei &lt;ScriptBlock&gt;, C:\Program Files\WindowsPowerShell\Modules\Pester\5.7.1\Pester.psm1: Zeile 2024
bei &lt;ScriptBlock&gt;, C:\Program Files\WindowsPowerShell\Modules\Pester\5.7.1\Pester.psm1: Zeile 1985
bei Invoke-ScriptBlock, C:\Program Files\WindowsPowerShell\Modules\Pester\5.7.1\Pester.psm1: Zeile 2160
bei Invoke-Block, C:\Program Files\WindowsPowerShell\Modules\Pester\5.7.1\Pester.psm1: Zeile 940
bei &lt;ScriptBlock&gt;, C:\Program Files\WindowsPowerShell\Modules\Pester\5.7.1\Pester.psm1: Zeile 893
bei &lt;ScriptBlock&gt;, C:\Program Files\WindowsPowerShell\Modules\Pester\5.7.1\Pester.psm1: Zeile 2024
bei &lt;ScriptBlock&gt;, C:\Program Files\WindowsPowerShell\Modules\Pester\5.7.1\Pester.psm1: Zeile 1985
bei Invoke-ScriptBlock, C:\Program Files\WindowsPowerShell\Modules\Pester\5.7.1\Pester.psm1: Zeile 2160
bei Invoke-Block, C:\Program Files\WindowsPowerShell\Modules\Pester\5.7.1\Pester.psm1: Zeile 940
bei &lt;ScriptBlock&gt;, C:\Program Files\WindowsPowerShell\Modules\Pester\5.7.1\Pester.psm1: Zeile 1688
bei &lt;ScriptBlock&gt;, C:\Program Files\WindowsPowerShell\Modules\Pester\5.7.1\Pester.ps1: Zeile 3
bei &lt;ScriptBlock&gt;, C:\Program Files\WindowsPowerShell\Modules\Pester\5.7.1\Pester.psm1: Zeile 3260
bei Invoke-InNewScriptScope, C:\Program Files\WindowsPowerShell\Modules\Pester\5.7.1\Pester.psm1: Zeile 3267
bei Run-Test, C:\Program Files\WindowsPowerShell\Modules\Pester\5.7.1\Pester.psm1: Zeile 1691
bei Invoke-Test, C:\Program Files\WindowsPowerShell\Modules\Pester\5.7.1\Pester.psm1: Zeile 2512
bei Invoke-Pester&lt;End&gt;, C:\Program Files\WindowsPowerShell\Modules\Pester\5.7.1\Pester.psm1: Zeile 4960
bei &lt;ScriptBlock&gt;, D:\gitProjekte\PSNetworkAdministrator\Tests\Run-Tests.ps1: Zeile 242
bei &lt;ScriptBlock&gt;, &lt;Keine Datei&gt;: Zeile 1</stack-trace>
                    </failure>
                  </test-case>
                  <test-case description="Sets Timestamp to a DateTime object" name="New-StatusObject.Object properties.Sets Timestamp to a DateTime object" time="0.2223" asserts="0" success="True" result="Success" executed="True" />
                  <test-case description="Has the correct PSTypeNames" name="New-StatusObject.Object properties.Has the correct PSTypeNames" time="0.0543" asserts="0" success="True" result="Success" executed="True" />
                </results>
              </test-suite>
              <test-suite type="TestFixture" name="New-StatusObject.Error handling" executed="True" result="Success" success="True" time="0.3903" asserts="0" description="New-StatusObject.Error handling">
                <results>
                  <test-case description="Handles null Version gracefully" name="New-StatusObject.Error handling.Handles null Version gracefully" time="0.0092" asserts="0" success="True" result="Success" executed="True" />
                  <test-case description="Handles null Domain gracefully" name="New-StatusObject.Error handling.Handles null Domain gracefully" time="0.0078" asserts="0" success="True" result="Success" executed="True" />
                </results>
              </test-suite>
            </results>
          </test-suite>
        </results>
      </test-suite>
      <test-suite type="TestFixture" name="D:\gitProjekte\PSNetworkAdministrator\Tests\Show-StatusInformation.Tests.ps1" executed="True" result="Failure" success="False" time="0.6629" asserts="0" description="D:\gitProjekte\PSNetworkAdministrator\Tests\Show-StatusInformation.Tests.ps1">
        <results>
          <test-suite type="TestFixture" name="Show-StatusInformation" executed="True" result="Failure" success="False" time="0.4661" asserts="0" description="Show-StatusInformation">
            <results>
              <test-suite type="TestFixture" name="Show-StatusInformation.Parameter validation" executed="True" result="Success" success="True" time="0.0501" asserts="0" description="Show-StatusInformation.Parameter validation">
                <results>
                  <test-case description="Should have a mandatory StatusObject parameter" name="Show-StatusInformation.Parameter validation.Should have a mandatory StatusObject parameter" time="0.0249" asserts="0" success="True" result="Success" executed="True" />
                  <test-case description="Should accept pipeline input" name="Show-StatusInformation.Parameter validation.Should accept pipeline input" time="0.0194" asserts="0" success="True" result="Success" executed="True" />
                </results>
              </test-suite>
              <test-suite type="TestFixture" name="Show-StatusInformation.Function behavior" executed="True" result="Failure" success="False" time="0.2915" asserts="0" description="Show-StatusInformation.Function behavior">
                <results>
                  <test-case description="Should not throw an error with valid input" name="Show-StatusInformation.Function behavior.Should not throw an error with valid input" time="0.064" asserts="0" success="True" result="Success" executed="True" />
                  <test-case description="Should call Write-Host multiple times" name="Show-StatusInformation.Function behavior.Should call Write-Host multiple times" time="0.0711" asserts="0" success="False" result="Failure" executed="True">
                    <failure>
                      <message>Expected Write-Host to be called 8 times exactly, but was called 9 times</message>
                      <stack-trace>at Should -Invoke Write-Host -Times 8 -Exactly, D:\gitProjekte\PSNetworkAdministrator\Tests\Show-StatusInformation.Tests.ps1:63
bei Invoke-Assertion, C:\Program Files\WindowsPowerShell\Modules\Pester\5.7.1\Pester.psm1: Zeile 8257
bei Should&lt;End&gt;, C:\Program Files\WindowsPowerShell\Modules\Pester\5.7.1\Pester.psm1: Zeile 8193
bei &lt;ScriptBlock&gt;, D:\gitProjekte\PSNetworkAdministrator\Tests\Show-StatusInformation.Tests.ps1: Zeile 63
bei &lt;ScriptBlock&gt;, C:\Program Files\WindowsPowerShell\Modules\Pester\5.7.1\Pester.psm1: Zeile 2024
bei &lt;ScriptBlock&gt;, C:\Program Files\WindowsPowerShell\Modules\Pester\5.7.1\Pester.psm1: Zeile 1985
bei Invoke-ScriptBlock, C:\Program Files\WindowsPowerShell\Modules\Pester\5.7.1\Pester.psm1: Zeile 2157
bei Invoke-TestItem, C:\Program Files\WindowsPowerShell\Modules\Pester\5.7.1\Pester.psm1: Zeile 1199
bei Invoke-Block, C:\Program Files\WindowsPowerShell\Modules\Pester\5.7.1\Pester.psm1: Zeile 835
bei &lt;ScriptBlock&gt;, C:\Program Files\WindowsPowerShell\Modules\Pester\5.7.1\Pester.psm1: Zeile 893
bei &lt;ScriptBlock&gt;, C:\Program Files\WindowsPowerShell\Modules\Pester\5.7.1\Pester.psm1: Zeile 2024
bei &lt;ScriptBlock&gt;, C:\Program Files\WindowsPowerShell\Modules\Pester\5.7.1\Pester.psm1: Zeile 1985
bei Invoke-ScriptBlock, C:\Program Files\WindowsPowerShell\Modules\Pester\5.7.1\Pester.psm1: Zeile 2160
bei Invoke-Block, C:\Program Files\WindowsPowerShell\Modules\Pester\5.7.1\Pester.psm1: Zeile 940
bei &lt;ScriptBlock&gt;, C:\Program Files\WindowsPowerShell\Modules\Pester\5.7.1\Pester.psm1: Zeile 893
bei &lt;ScriptBlock&gt;, C:\Program Files\WindowsPowerShell\Modules\Pester\5.7.1\Pester.psm1: Zeile 2024
bei &lt;ScriptBlock&gt;, C:\Program Files\WindowsPowerShell\Modules\Pester\5.7.1\Pester.psm1: Zeile 1985
bei Invoke-ScriptBlock, C:\Program Files\WindowsPowerShell\Modules\Pester\5.7.1\Pester.psm1: Zeile 2160
bei Invoke-Block, C:\Program Files\WindowsPowerShell\Modules\Pester\5.7.1\Pester.psm1: Zeile 940
bei &lt;ScriptBlock&gt;, C:\Program Files\WindowsPowerShell\Modules\Pester\5.7.1\Pester.psm1: Zeile 893
bei &lt;ScriptBlock&gt;, C:\Program Files\WindowsPowerShell\Modules\Pester\5.7.1\Pester.psm1: Zeile 2024
bei &lt;ScriptBlock&gt;, C:\Program Files\WindowsPowerShell\Modules\Pester\5.7.1\Pester.psm1: Zeile 1985
bei Invoke-ScriptBlock, C:\Program Files\WindowsPowerShell\Modules\Pester\5.7.1\Pester.psm1: Zeile 2160
bei Invoke-Block, C:\Program Files\WindowsPowerShell\Modules\Pester\5.7.1\Pester.psm1: Zeile 940
bei &lt;ScriptBlock&gt;, C:\Program Files\WindowsPowerShell\Modules\Pester\5.7.1\Pester.psm1: Zeile 1688
bei &lt;ScriptBlock&gt;, C:\Program Files\WindowsPowerShell\Modules\Pester\5.7.1\Pester.ps1: Zeile 3
bei &lt;ScriptBlock&gt;, C:\Program Files\WindowsPowerShell\Modules\Pester\5.7.1\Pester.psm1: Zeile 3260
bei Invoke-InNewScriptScope, C:\Program Files\WindowsPowerShell\Modules\Pester\5.7.1\Pester.psm1: Zeile 3267
bei Run-Test, C:\Program Files\WindowsPowerShell\Modules\Pester\5.7.1\Pester.psm1: Zeile 1691
bei Invoke-Test, C:\Program Files\WindowsPowerShell\Modules\Pester\5.7.1\Pester.psm1: Zeile 2512
bei Invoke-Pester&lt;End&gt;, C:\Program Files\WindowsPowerShell\Modules\Pester\5.7.1\Pester.psm1: Zeile 4960
bei &lt;ScriptBlock&gt;, D:\gitProjekte\PSNetworkAdministrator\Tests\Run-Tests.ps1: Zeile 242
bei &lt;ScriptBlock&gt;, &lt;Keine Datei&gt;: Zeile 1</stack-trace>
                    </failure>
                  </test-case>
                  <test-case description="Should conditionally display UserChoice when provided" name="Show-StatusInformation.Function behavior.Should conditionally display UserChoice when provided" time="0.06" asserts="0" success="False" result="Failure" executed="True">
                    <failure>
                      <message>Expected Write-Host to be called 8 times exactly, but was called 9 times</message>
                      <stack-trace>at Should -Invoke Write-Host -Times 8 -Exactly, D:\gitProjekte\PSNetworkAdministrator\Tests\Show-StatusInformation.Tests.ps1:75
bei Invoke-Assertion, C:\Program Files\WindowsPowerShell\Modules\Pester\5.7.1\Pester.psm1: Zeile 8257
bei Should&lt;End&gt;, C:\Program Files\WindowsPowerShell\Modules\Pester\5.7.1\Pester.psm1: Zeile 8193
bei &lt;ScriptBlock&gt;, D:\gitProjekte\PSNetworkAdministrator\Tests\Show-StatusInformation.Tests.ps1: Zeile 75
bei &lt;ScriptBlock&gt;, C:\Program Files\WindowsPowerShell\Modules\Pester\5.7.1\Pester.psm1: Zeile 2024
bei &lt;ScriptBlock&gt;, C:\Program Files\WindowsPowerShell\Modules\Pester\5.7.1\Pester.psm1: Zeile 1985
bei Invoke-ScriptBlock, C:\Program Files\WindowsPowerShell\Modules\Pester\5.7.1\Pester.psm1: Zeile 2157
bei Invoke-TestItem, C:\Program Files\WindowsPowerShell\Modules\Pester\5.7.1\Pester.psm1: Zeile 1199
bei Invoke-Block, C:\Program Files\WindowsPowerShell\Modules\Pester\5.7.1\Pester.psm1: Zeile 835
bei &lt;ScriptBlock&gt;, C:\Program Files\WindowsPowerShell\Modules\Pester\5.7.1\Pester.psm1: Zeile 893
bei &lt;ScriptBlock&gt;, C:\Program Files\WindowsPowerShell\Modules\Pester\5.7.1\Pester.psm1: Zeile 2024
bei &lt;ScriptBlock&gt;, C:\Program Files\WindowsPowerShell\Modules\Pester\5.7.1\Pester.psm1: Zeile 1985
bei Invoke-ScriptBlock, C:\Program Files\WindowsPowerShell\Modules\Pester\5.7.1\Pester.psm1: Zeile 2160
bei Invoke-Block, C:\Program Files\WindowsPowerShell\Modules\Pester\5.7.1\Pester.psm1: Zeile 940
bei &lt;ScriptBlock&gt;, C:\Program Files\WindowsPowerShell\Modules\Pester\5.7.1\Pester.psm1: Zeile 893
bei &lt;ScriptBlock&gt;, C:\Program Files\WindowsPowerShell\Modules\Pester\5.7.1\Pester.psm1: Zeile 2024
bei &lt;ScriptBlock&gt;, C:\Program Files\WindowsPowerShell\Modules\Pester\5.7.1\Pester.psm1: Zeile 1985
bei Invoke-ScriptBlock, C:\Program Files\WindowsPowerShell\Modules\Pester\5.7.1\Pester.psm1: Zeile 2160
bei Invoke-Block, C:\Program Files\WindowsPowerShell\Modules\Pester\5.7.1\Pester.psm1: Zeile 940
bei &lt;ScriptBlock&gt;, C:\Program Files\WindowsPowerShell\Modules\Pester\5.7.1\Pester.psm1: Zeile 893
bei &lt;ScriptBlock&gt;, C:\Program Files\WindowsPowerShell\Modules\Pester\5.7.1\Pester.psm1: Zeile 2024
bei &lt;ScriptBlock&gt;, C:\Program Files\WindowsPowerShell\Modules\Pester\5.7.1\Pester.psm1: Zeile 1985
bei Invoke-ScriptBlock, C:\Program Files\WindowsPowerShell\Modules\Pester\5.7.1\Pester.psm1: Zeile 2160
bei Invoke-Block, C:\Program Files\WindowsPowerShell\Modules\Pester\5.7.1\Pester.psm1: Zeile 940
bei &lt;ScriptBlock&gt;, C:\Program Files\WindowsPowerShell\Modules\Pester\5.7.1\Pester.psm1: Zeile 1688
bei &lt;ScriptBlock&gt;, C:\Program Files\WindowsPowerShell\Modules\Pester\5.7.1\Pester.ps1: Zeile 3
bei &lt;ScriptBlock&gt;, C:\Program Files\WindowsPowerShell\Modules\Pester\5.7.1\Pester.psm1: Zeile 3260
bei Invoke-InNewScriptScope, C:\Program Files\WindowsPowerShell\Modules\Pester\5.7.1\Pester.psm1: Zeile 3267
bei Run-Test, C:\Program Files\WindowsPowerShell\Modules\Pester\5.7.1\Pester.psm1: Zeile 1691
bei Invoke-Test, C:\Program Files\WindowsPowerShell\Modules\Pester\5.7.1\Pester.psm1: Zeile 2512
bei Invoke-Pester&lt;End&gt;, C:\Program Files\WindowsPowerShell\Modules\Pester\5.7.1\Pester.psm1: Zeile 4960
bei &lt;ScriptBlock&gt;, D:\gitProjekte\PSNetworkAdministrator\Tests\Run-Tests.ps1: Zeile 242
bei &lt;ScriptBlock&gt;, &lt;Keine Datei&gt;: Zeile 1</stack-trace>
                    </failure>
                  </test-case>
                  <test-case description="Should not display UserChoice when empty" name="Show-StatusInformation.Function behavior.Should not display UserChoice when empty" time="0.0407" asserts="0" success="True" result="Success" executed="True" />
                </results>
              </test-suite>
              <test-suite type="TestFixture" name="Show-StatusInformation.Pipeline support" executed="True" result="Failure" success="False" time="0.4122" asserts="0" description="Show-StatusInformation.Pipeline support">
                <results>
                  <test-case description="Should accept pipeline input" name="Show-StatusInformation.Pipeline support.Should accept pipeline input" time="0.0473" asserts="0" success="False" result="Failure" executed="True">
                    <failure>
                      <message>Expected Write-Host to be called 8 times exactly, but was called 9 times</message>
                      <stack-trace>at Should -Invoke Write-Host -Times 8 -Exactly, D:\gitProjekte\PSNetworkAdministrator\Tests\Show-StatusInformation.Tests.ps1:115
bei Invoke-Assertion, C:\Program Files\WindowsPowerShell\Modules\Pester\5.7.1\Pester.psm1: Zeile 8257
bei Should&lt;End&gt;, C:\Program Files\WindowsPowerShell\Modules\Pester\5.7.1\Pester.psm1: Zeile 8193
bei &lt;ScriptBlock&gt;, D:\gitProjekte\PSNetworkAdministrator\Tests\Show-StatusInformation.Tests.ps1: Zeile 115
bei &lt;ScriptBlock&gt;, C:\Program Files\WindowsPowerShell\Modules\Pester\5.7.1\Pester.psm1: Zeile 2024
bei &lt;ScriptBlock&gt;, C:\Program Files\WindowsPowerShell\Modules\Pester\5.7.1\Pester.psm1: Zeile 1985
bei Invoke-ScriptBlock, C:\Program Files\WindowsPowerShell\Modules\Pester\5.7.1\Pester.psm1: Zeile 2157
bei Invoke-TestItem, C:\Program Files\WindowsPowerShell\Modules\Pester\5.7.1\Pester.psm1: Zeile 1199
bei Invoke-Block, C:\Program Files\WindowsPowerShell\Modules\Pester\5.7.1\Pester.psm1: Zeile 835
bei &lt;ScriptBlock&gt;, C:\Program Files\WindowsPowerShell\Modules\Pester\5.7.1\Pester.psm1: Zeile 893
bei &lt;ScriptBlock&gt;, C:\Program Files\WindowsPowerShell\Modules\Pester\5.7.1\Pester.psm1: Zeile 2024
bei &lt;ScriptBlock&gt;, C:\Program Files\WindowsPowerShell\Modules\Pester\5.7.1\Pester.psm1: Zeile 1985
bei Invoke-ScriptBlock, C:\Program Files\WindowsPowerShell\Modules\Pester\5.7.1\Pester.psm1: Zeile 2160
bei Invoke-Block, C:\Program Files\WindowsPowerShell\Modules\Pester\5.7.1\Pester.psm1: Zeile 940
bei &lt;ScriptBlock&gt;, C:\Program Files\WindowsPowerShell\Modules\Pester\5.7.1\Pester.psm1: Zeile 893
bei &lt;ScriptBlock&gt;, C:\Program Files\WindowsPowerShell\Modules\Pester\5.7.1\Pester.psm1: Zeile 2024
bei &lt;ScriptBlock&gt;, C:\Program Files\WindowsPowerShell\Modules\Pester\5.7.1\Pester.psm1: Zeile 1985
bei Invoke-ScriptBlock, C:\Program Files\WindowsPowerShell\Modules\Pester\5.7.1\Pester.psm1: Zeile 2160
bei Invoke-Block, C:\Program Files\WindowsPowerShell\Modules\Pester\5.7.1\Pester.psm1: Zeile 940
bei &lt;ScriptBlock&gt;, C:\Program Files\WindowsPowerShell\Modules\Pester\5.7.1\Pester.psm1: Zeile 893
bei &lt;ScriptBlock&gt;, C:\Program Files\WindowsPowerShell\Modules\Pester\5.7.1\Pester.psm1: Zeile 2024
bei &lt;ScriptBlock&gt;, C:\Program Files\WindowsPowerShell\Modules\Pester\5.7.1\Pester.psm1: Zeile 1985
bei Invoke-ScriptBlock, C:\Program Files\WindowsPowerShell\Modules\Pester\5.7.1\Pester.psm1: Zeile 2160
bei Invoke-Block, C:\Program Files\WindowsPowerShell\Modules\Pester\5.7.1\Pester.psm1: Zeile 940
bei &lt;ScriptBlock&gt;, C:\Program Files\WindowsPowerShell\Modules\Pester\5.7.1\Pester.psm1: Zeile 1688
bei &lt;ScriptBlock&gt;, C:\Program Files\WindowsPowerShell\Modules\Pester\5.7.1\Pester.ps1: Zeile 3
bei &lt;ScriptBlock&gt;, C:\Program Files\WindowsPowerShell\Modules\Pester\5.7.1\Pester.psm1: Zeile 3260
bei Invoke-InNewScriptScope, C:\Program Files\WindowsPowerShell\Modules\Pester\5.7.1\Pester.psm1: Zeile 3267
bei Run-Test, C:\Program Files\WindowsPowerShell\Modules\Pester\5.7.1\Pester.psm1: Zeile 1691
bei Invoke-Test, C:\Program Files\WindowsPowerShell\Modules\Pester\5.7.1\Pester.psm1: Zeile 2512
bei Invoke-Pester&lt;End&gt;, C:\Program Files\WindowsPowerShell\Modules\Pester\5.7.1\Pester.psm1: Zeile 4960
bei &lt;ScriptBlock&gt;, D:\gitProjekte\PSNetworkAdministrator\Tests\Run-Tests.ps1: Zeile 242
bei &lt;ScriptBlock&gt;, &lt;Keine Datei&gt;: Zeile 1</stack-trace>
                    </failure>
                  </test-case>
                  <test-case description="Should process multiple objects from pipeline" name="Show-StatusInformation.Pipeline support.Should process multiple objects from pipeline" time="0.0663" asserts="0" success="False" result="Failure" executed="True">
                    <failure>
                      <message>Expected Write-Host to be called 16 times exactly, but was called 18 times</message>
                      <stack-trace>at Should -Invoke Write-Host -Times 16 -Exactly, D:\gitProjekte\PSNetworkAdministrator\Tests\Show-StatusInformation.Tests.ps1:127
bei Invoke-Assertion, C:\Program Files\WindowsPowerShell\Modules\Pester\5.7.1\Pester.psm1: Zeile 8257
bei Should&lt;End&gt;, C:\Program Files\WindowsPowerShell\Modules\Pester\5.7.1\Pester.psm1: Zeile 8193
bei &lt;ScriptBlock&gt;, D:\gitProjekte\PSNetworkAdministrator\Tests\Show-StatusInformation.Tests.ps1: Zeile 127
bei &lt;ScriptBlock&gt;, C:\Program Files\WindowsPowerShell\Modules\Pester\5.7.1\Pester.psm1: Zeile 2024
bei &lt;ScriptBlock&gt;, C:\Program Files\WindowsPowerShell\Modules\Pester\5.7.1\Pester.psm1: Zeile 1985
bei Invoke-ScriptBlock, C:\Program Files\WindowsPowerShell\Modules\Pester\5.7.1\Pester.psm1: Zeile 2157
bei Invoke-TestItem, C:\Program Files\WindowsPowerShell\Modules\Pester\5.7.1\Pester.psm1: Zeile 1199
bei Invoke-Block, C:\Program Files\WindowsPowerShell\Modules\Pester\5.7.1\Pester.psm1: Zeile 835
bei &lt;ScriptBlock&gt;, C:\Program Files\WindowsPowerShell\Modules\Pester\5.7.1\Pester.psm1: Zeile 893
bei &lt;ScriptBlock&gt;, C:\Program Files\WindowsPowerShell\Modules\Pester\5.7.1\Pester.psm1: Zeile 2024
bei &lt;ScriptBlock&gt;, C:\Program Files\WindowsPowerShell\Modules\Pester\5.7.1\Pester.psm1: Zeile 1985
bei Invoke-ScriptBlock, C:\Program Files\WindowsPowerShell\Modules\Pester\5.7.1\Pester.psm1: Zeile 2160
bei Invoke-Block, C:\Program Files\WindowsPowerShell\Modules\Pester\5.7.1\Pester.psm1: Zeile 940
bei &lt;ScriptBlock&gt;, C:\Program Files\WindowsPowerShell\Modules\Pester\5.7.1\Pester.psm1: Zeile 893
bei &lt;ScriptBlock&gt;, C:\Program Files\WindowsPowerShell\Modules\Pester\5.7.1\Pester.psm1: Zeile 2024
bei &lt;ScriptBlock&gt;, C:\Program Files\WindowsPowerShell\Modules\Pester\5.7.1\Pester.psm1: Zeile 1985
bei Invoke-ScriptBlock, C:\Program Files\WindowsPowerShell\Modules\Pester\5.7.1\Pester.psm1: Zeile 2160
bei Invoke-Block, C:\Program Files\WindowsPowerShell\Modules\Pester\5.7.1\Pester.psm1: Zeile 940
bei &lt;ScriptBlock&gt;, C:\Program Files\WindowsPowerShell\Modules\Pester\5.7.1\Pester.psm1: Zeile 893
bei &lt;ScriptBlock&gt;, C:\Program Files\WindowsPowerShell\Modules\Pester\5.7.1\Pester.psm1: Zeile 2024
bei &lt;ScriptBlock&gt;, C:\Program Files\WindowsPowerShell\Modules\Pester\5.7.1\Pester.psm1: Zeile 1985
bei Invoke-ScriptBlock, C:\Program Files\WindowsPowerShell\Modules\Pester\5.7.1\Pester.psm1: Zeile 2160
bei Invoke-Block, C:\Program Files\WindowsPowerShell\Modules\Pester\5.7.1\Pester.psm1: Zeile 940
bei &lt;ScriptBlock&gt;, C:\Program Files\WindowsPowerShell\Modules\Pester\5.7.1\Pester.psm1: Zeile 1688
bei &lt;ScriptBlock&gt;, C:\Program Files\WindowsPowerShell\Modules\Pester\5.7.1\Pester.ps1: Zeile 3
bei &lt;ScriptBlock&gt;, C:\Program Files\WindowsPowerShell\Modules\Pester\5.7.1\Pester.psm1: Zeile 3260
bei Invoke-InNewScriptScope, C:\Program Files\WindowsPowerShell\Modules\Pester\5.7.1\Pester.psm1: Zeile 3267
bei Run-Test, C:\Program Files\WindowsPowerShell\Modules\Pester\5.7.1\Pester.psm1: Zeile 1691
bei Invoke-Test, C:\Program Files\WindowsPowerShell\Modules\Pester\5.7.1\Pester.psm1: Zeile 2512
bei Invoke-Pester&lt;End&gt;, C:\Program Files\WindowsPowerShell\Modules\Pester\5.7.1\Pester.psm1: Zeile 4960
bei &lt;ScriptBlock&gt;, D:\gitProjekte\PSNetworkAdministrator\Tests\Run-Tests.ps1: Zeile 242
bei &lt;ScriptBlock&gt;, &lt;Keine Datei&gt;: Zeile 1</stack-trace>
                    </failure>
                  </test-case>
                </results>
              </test-suite>
            </results>
          </test-suite>
        </results>
      </test-suite>
      <test-suite type="TestFixture" name="D:\gitProjekte\PSNetworkAdministrator\Tests\UserManagement.Tests.ps1" executed="True" result="Success" success="True" time="0.4835" asserts="0" description="D:\gitProjekte\PSNetworkAdministrator\Tests\UserManagement.Tests.ps1">
        <results>
          <test-suite type="TestFixture" name="UserManagement Module Tests" executed="True" result="Success" success="True" time="0.0396" asserts="0" description="UserManagement Module Tests">
            <results>
              <test-suite type="TestFixture" name="UserManagement Module Tests.Module Loading" executed="True" result="Success" success="True" time="0.0348" asserts="0" description="UserManagement Module Tests.Module Loading">
                <results>
                  <test-case description="AD function mocks should be available" name="UserManagement Module Tests.Module Loading.AD function mocks should be available" time="0.0295" asserts="0" success="True" result="Success" executed="True" />
                </results>
              </test-suite>
            </results>
          </test-suite>
        </results>
      </test-suite>
    </results>
  </test-suite>
</test-results>